<?xml version="1.0" encoding="UTF-8"?>
<!-- Generated by org.testng.reporters.JUnitReportReporter -->
<testsuite skipped="0" hostname="DESKTOP-10E3PP0" name="LearnFramework2.tests.ErrorValidation" tests="1" failures="0" timestamp="2023-05-28T15:53:43 GST" time="9.530" errors="0">
  <testcase name="errorValidate" time="9.530" classname="LearnFramework2.tests.ErrorValidation"/>
  <system-out/>
</testsuite> <!-- LearnFramework2.tests.ErrorValidation -->
