<?xml version="1.0" encoding="UTF-8"?>
<!-- Generated by org.testng.reporters.JUnitReportReporter -->
<testsuite skipped="0" hostname="DESKTOP-10E3PP0" name="LearnFramework2.tests.Ecommerce" tests="2" failures="0" timestamp="2023-05-28T15:53:43 GST" time="20.032" errors="0">
  <testcase name="validateOrdersPage" time="5.217" classname="LearnFramework2.tests.Ecommerce"/>
  <system-out/>
  <testcase name="submitOrder" time="14.815" classname="LearnFramework2.tests.Ecommerce"/>
  <system-out/>
</testsuite> <!-- LearnFramework2.tests.Ecommerce -->
